<?xml version="1.0" encoding="UTF-8"?>
<!-- Generated by org.testng.reporters.JUnitReportReporter -->
<testsuite skipped="0" hostname="DESKTOP-SUDPR6H" name="test.CreateNewInstanceSandbox" tests="1" failures="0" timestamp="18 Dec 2017 17:51:13 GMT" time="92.963" errors="0">
  <testcase name="CreateNewInstanceSandbox" time="92.963" classname="test.CreateNewInstanceSandbox"/>
</testsuite> <!-- test.CreateNewInstanceSandbox -->
