<?xml version="1.0" encoding="UTF-8"?>
<!-- Generated by org.testng.reporters.JUnitReportReporter -->
<testsuite skipped="0" hostname="DESKTOP-SUDPR6H" name="test.CreateNewInstance" tests="1" failures="0" timestamp="03 Jan 2018 19:14:24 GMT" time="28.239" errors="0">
  <testcase name="CreateNewInstance" time="28.239" classname="test.CreateNewInstance"/>
</testsuite> <!-- test.CreateNewInstance -->
