<?xml version="1.0" encoding="UTF-8"?>
<!-- Generated by org.testng.reporters.JUnitReportReporter -->
<testsuite skipped="0" hostname="DESKTOP-SUDPR6H" name="test.CreateNewInstance" tests="1" failures="0" timestamp="31 Dec 2017 02:22:05 GMT" time="36.360" errors="0">
  <testcase name="CreateNewInstance" time="36.360" classname="test.CreateNewInstance"/>
</testsuite> <!-- test.CreateNewInstance -->
