<?xml version="1.0" encoding="UTF-8"?>
<!-- Generated by org.testng.reporters.JUnitReportReporter -->
<testsuite hostname="DESKTOP-SUDPR6H" failures="0" tests="1" name="test.CreateNewInstance" time="28.467" errors="0" timestamp="5 Jan 2018 03:38:22 GMT">
  <testcase classname="test.CreateNewInstance" name="CreateNewInstance" time="28.467"/>
</testsuite> <!-- test.CreateNewInstance -->
